<?xml version="1.0" encoding="UTF-8"?>
<!-- Generated by org.testng.reporters.JUnitXMLReporter -->
<testsuite hostname="hp" ignored="0" name="Default test" tests="3" failures="0" timestamp="10 Mar 2021 06:17:29 GMT" time="1.693" errors="0">
  <testcase name="validatePostcode" time="1.373" classname="com.qa.test.TestRestApi"/>
  <testcase name="checkPostcode" time="0.144" classname="com.qa.test.TestRestApi"/>
  <testcase name="nearestPostcode" time="0.128" classname="com.qa.test.TestRestApi"/>
</testsuite> <!-- Default test -->
