<?xml version="1.0" encoding="UTF-8"?>
<testng-results skipped="0" failed="1" ignored="0" total="3" passed="2">
  <reporter-output>
  </reporter-output>
  <suite name="Default suite" duration-ms="1215" started-at="2021-03-09T18:02:09Z" finished-at="2021-03-09T18:02:11Z">
    <groups>
    </groups>
    <test name="Default test" duration-ms="1215" started-at="2021-03-09T18:02:09Z" finished-at="2021-03-09T18:02:11Z">
      <class name="com.qa.test.TestRestApi">
        <test-method status="PASS" signature="setUp()[pri:0, instance:com.qa.test.TestRestApi@4de8b406]" name="setUp" is-config="true" duration-ms="15" started-at="2021-03-09T23:32:09Z" finished-at="2021-03-09T23:32:09Z">
          <reporter-output>
          </reporter-output>
        </test-method> <!-- setUp -->
        <test-method status="PASS" signature="validatePostcode()[pri:0, instance:com.qa.test.TestRestApi@4de8b406]" name="validatePostcode" duration-ms="1015" started-at="2021-03-09T23:32:09Z" finished-at="2021-03-09T23:32:10Z">
          <reporter-output>
          </reporter-output>
        </test-method> <!-- validatePostcode -->
        <test-method status="PASS" signature="tearDown()[pri:0, instance:com.qa.test.TestRestApi@4de8b406]" name="tearDown" is-config="true" duration-ms="0" started-at="2021-03-09T23:32:10Z" finished-at="2021-03-09T23:32:10Z">
          <reporter-output>
          </reporter-output>
        </test-method> <!-- tearDown -->
        <test-method status="PASS" signature="checkPostcode()[pri:1, instance:com.qa.test.TestRestApi@4de8b406]" name="checkPostcode" duration-ms="99" started-at="2021-03-09T23:32:10Z" finished-at="2021-03-09T23:32:11Z">
          <reporter-output>
          </reporter-output>
        </test-method> <!-- checkPostcode -->
        <test-method status="PASS" signature="setUp()[pri:0, instance:com.qa.test.TestRestApi@4de8b406]" name="setUp" is-config="true" duration-ms="0" started-at="2021-03-09T23:32:10Z" finished-at="2021-03-09T23:32:10Z">
          <reporter-output>
          </reporter-output>
        </test-method> <!-- setUp -->
        <test-method status="PASS" signature="tearDown()[pri:0, instance:com.qa.test.TestRestApi@4de8b406]" name="tearDown" is-config="true" duration-ms="2" started-at="2021-03-09T23:32:11Z" finished-at="2021-03-09T23:32:11Z">
          <reporter-output>
          </reporter-output>
        </test-method> <!-- tearDown -->
        <test-method status="PASS" signature="setUp()[pri:0, instance:com.qa.test.TestRestApi@4de8b406]" name="setUp" is-config="true" duration-ms="1" started-at="2021-03-09T23:32:11Z" finished-at="2021-03-09T23:32:11Z">
          <reporter-output>
          </reporter-output>
        </test-method> <!-- setUp -->
        <test-method status="FAIL" signature="nearestPostcode()[pri:2, instance:com.qa.test.TestRestApi@4de8b406]" name="nearestPostcode" duration-ms="58" started-at="2021-03-09T23:32:11Z" finished-at="2021-03-09T23:32:11Z">
          <exception class="java.lang.ClassCastException">
            <message>
              <![CDATA[org.json.JSONArray cannot be cast to org.json.JSONObject]]>
            </message>
            <full-stacktrace>
              <![CDATA[java.lang.ClassCastException: org.json.JSONArray cannot be cast to org.json.JSONObject
	at com.qa.utilities.JsonOperations.readJson(JsonOperations.java:18)
	at com.qa.test.TestRestApi.nearestPostcode(TestRestApi.java:114)
	at sun.reflect.NativeMethodAccessorImpl.invoke0(Native Method)
	at sun.reflect.NativeMethodAccessorImpl.invoke(NativeMethodAccessorImpl.java:62)
	at sun.reflect.DelegatingMethodAccessorImpl.invoke(DelegatingMethodAccessorImpl.java:43)
	at java.lang.reflect.Method.invoke(Method.java:498)
	at org.testng.internal.MethodInvocationHelper.invokeMethod(MethodInvocationHelper.java:104)
	at org.testng.internal.Invoker.invokeMethod(Invoker.java:645)
	at org.testng.internal.Invoker.invokeTestMethod(Invoker.java:851)
	at org.testng.internal.Invoker.invokeTestMethods(Invoker.java:1177)
	at org.testng.internal.TestMethodWorker.invokeTestMethods(TestMethodWorker.java:129)
	at org.testng.internal.TestMethodWorker.run(TestMethodWorker.java:112)
	at org.testng.TestRunner.privateRun(TestRunner.java:756)
	at org.testng.TestRunner.run(TestRunner.java:610)
	at org.testng.SuiteRunner.runTest(SuiteRunner.java:387)
	at org.testng.SuiteRunner.runSequentially(SuiteRunner.java:382)
	at org.testng.SuiteRunner.privateRun(SuiteRunner.java:340)
	at org.testng.SuiteRunner.run(SuiteRunner.java:289)
	at org.testng.SuiteRunnerWorker.runSuite(SuiteRunnerWorker.java:52)
	at org.testng.SuiteRunnerWorker.run(SuiteRunnerWorker.java:86)
	at org.testng.TestNG.runSuitesSequentially(TestNG.java:1293)
	at org.testng.TestNG.runSuitesLocally(TestNG.java:1218)
	at org.testng.TestNG.runSuites(TestNG.java:1133)
	at org.testng.TestNG.run(TestNG.java:1104)
	at org.testng.remote.AbstractRemoteTestNG.run(AbstractRemoteTestNG.java:115)
	at org.testng.remote.RemoteTestNG.initAndRun(RemoteTestNG.java:251)
	at org.testng.remote.RemoteTestNG.main(RemoteTestNG.java:77)
]]>
            </full-stacktrace>
          </exception> <!-- java.lang.ClassCastException -->
          <reporter-output>
          </reporter-output>
        </test-method> <!-- nearestPostcode -->
        <test-method status="PASS" signature="tearDown()[pri:0, instance:com.qa.test.TestRestApi@4de8b406]" name="tearDown" is-config="true" duration-ms="0" started-at="2021-03-09T23:32:11Z" finished-at="2021-03-09T23:32:11Z">
          <reporter-output>
          </reporter-output>
        </test-method> <!-- tearDown -->
      </class> <!-- com.qa.test.TestRestApi -->
    </test> <!-- Default test -->
  </suite> <!-- Default suite -->
</testng-results>
