<?xml version="1.0" encoding="UTF-8"?>
<testng-results skipped="0" failed="0" ignored="0" total="3" passed="3">
  <reporter-output>
  </reporter-output>
  <suite name="Default suite" duration-ms="1693" started-at="2021-03-10T06:17:27Z" finished-at="2021-03-10T06:17:29Z">
    <groups>
    </groups>
    <test name="Default test" duration-ms="1693" started-at="2021-03-10T06:17:27Z" finished-at="2021-03-10T06:17:29Z">
      <class name="com.qa.test.TestRestApi">
        <test-method status="PASS" signature="setUp()[pri:0, instance:com.qa.test.TestRestApi@4de8b406]" name="setUp" is-config="true" duration-ms="16" started-at="2021-03-10T11:47:27Z" finished-at="2021-03-10T11:47:27Z">
          <reporter-output>
          </reporter-output>
        </test-method> <!-- setUp -->
        <test-method status="PASS" signature="validatePostcode()[pri:0, instance:com.qa.test.TestRestApi@4de8b406]" name="validatePostcode" duration-ms="1373" started-at="2021-03-10T11:47:27Z" finished-at="2021-03-10T11:47:28Z">
          <reporter-output>
          </reporter-output>
        </test-method> <!-- validatePostcode -->
        <test-method status="PASS" signature="tearDown()[pri:0, instance:com.qa.test.TestRestApi@4de8b406]" name="tearDown" is-config="true" duration-ms="0" started-at="2021-03-10T11:47:28Z" finished-at="2021-03-10T11:47:28Z">
          <reporter-output>
          </reporter-output>
        </test-method> <!-- tearDown -->
        <test-method status="PASS" signature="checkPostcode()[pri:1, instance:com.qa.test.TestRestApi@4de8b406]" name="checkPostcode" duration-ms="144" started-at="2021-03-10T11:47:28Z" finished-at="2021-03-10T11:47:29Z">
          <reporter-output>
          </reporter-output>
        </test-method> <!-- checkPostcode -->
        <test-method status="PASS" signature="setUp()[pri:0, instance:com.qa.test.TestRestApi@4de8b406]" name="setUp" is-config="true" duration-ms="0" started-at="2021-03-10T11:47:28Z" finished-at="2021-03-10T11:47:28Z">
          <reporter-output>
          </reporter-output>
        </test-method> <!-- setUp -->
        <test-method status="PASS" signature="tearDown()[pri:0, instance:com.qa.test.TestRestApi@4de8b406]" name="tearDown" is-config="true" duration-ms="0" started-at="2021-03-10T11:47:29Z" finished-at="2021-03-10T11:47:29Z">
          <reporter-output>
          </reporter-output>
        </test-method> <!-- tearDown -->
        <test-method status="PASS" signature="nearestPostcode()[pri:2, instance:com.qa.test.TestRestApi@4de8b406]" name="nearestPostcode" duration-ms="128" started-at="2021-03-10T11:47:29Z" finished-at="2021-03-10T11:47:29Z">
          <reporter-output>
          </reporter-output>
        </test-method> <!-- nearestPostcode -->
        <test-method status="PASS" signature="setUp()[pri:0, instance:com.qa.test.TestRestApi@4de8b406]" name="setUp" is-config="true" duration-ms="0" started-at="2021-03-10T11:47:29Z" finished-at="2021-03-10T11:47:29Z">
          <reporter-output>
          </reporter-output>
        </test-method> <!-- setUp -->
        <test-method status="PASS" signature="tearDown()[pri:0, instance:com.qa.test.TestRestApi@4de8b406]" name="tearDown" is-config="true" duration-ms="0" started-at="2021-03-10T11:47:29Z" finished-at="2021-03-10T11:47:29Z">
          <reporter-output>
          </reporter-output>
        </test-method> <!-- tearDown -->
      </class> <!-- com.qa.test.TestRestApi -->
    </test> <!-- Default test -->
  </suite> <!-- Default suite -->
</testng-results>
